0 verbose cli [
0 verbose cli   'D:\\Program Files\\nodejs\\node.exe',
0 verbose cli   'D:\\Program Files\\nodejs\\node_modules\\npm\\bin\\npm-cli.js',
0 verbose cli   'i',
0 verbose cli   'ng-google-sheets-db'
0 verbose cli ]
1 info using npm@8.1.0
2 info using node@v16.13.0
3 timing npm:load:whichnode Completed in 1ms
4 timing config:load:defaults Completed in 3ms
5 timing config:load:file:d:\Users\marco\AppData\Roaming\nvm\v16.13.0\node_modules\npm\npmrc Completed in 3ms
6 timing config:load:builtin Completed in 4ms
7 timing config:load:cli Completed in 4ms
8 timing config:load:env Completed in 2ms
9 timing config:load:file:D:\Users\marco\Documents\GitHub\justplaybo-website\.npmrc Completed in 1ms
10 timing config:load:project Completed in 3ms
11 timing config:load:file:C:\Users\marco\.npmrc Completed in 5ms
12 timing config:load:user Completed in 5ms
13 timing config:load:file:D:\Program Files\nodejs\etc\npmrc Completed in 0ms
14 timing config:load:global Completed in 0ms
15 timing config:load:validate Completed in 1ms
16 timing config:load:credentials Completed in 2ms
17 timing config:load:setEnvs Completed in 2ms
18 timing config:load Completed in 27ms
19 timing npm:load:configload Completed in 27ms
20 timing npm:load:setTitle Completed in 0ms
21 timing npm:load:setupLog Completed in 1ms
22 timing config:load:flatten Completed in 6ms
23 timing npm:load:cleanupLog Completed in 7ms
24 timing npm:load:configScope Completed in 0ms
25 timing npm:load:projectScope Completed in 3ms
26 timing npm:load Completed in 47ms
27 timing arborist:ctor Completed in 1ms
28 timing idealTree:init Completed in 1934ms
29 timing idealTree:userRequests Completed in 15ms
30 silly idealTree buildDeps
31 silly fetch manifest ng-google-sheets-db@*
32 verbose shrinkwrap failed to load node_modules/.package-lock.json out of date, updated: node_modules/@angular/cdk
33 http fetch GET 200 https://registry.npmjs.org/ng-google-sheets-db 9915ms (cache miss)
34 silly fetch manifest @angular/common@~9.0.2
35 http fetch GET 200 https://registry.npmjs.org/@angular%2fcommon 239ms (cache revalidated)
36 silly fetch manifest @angular/common@^10.2.5
37 silly fetch manifest @angular/core@~9.0.2
38 http fetch GET 200 https://registry.npmjs.org/@angular%2fcore 171ms (cache revalidated)
39 silly fetch manifest rxjs@~6.5.4
40 http fetch GET 200 https://registry.npmjs.org/rxjs 851ms (cache revalidated)
41 silly fetch manifest tslib@^1.10.0
42 http fetch GET 200 https://registry.npmjs.org/tslib 137ms (cache revalidated)
43 silly fetch manifest zone.js@~0.10.2
44 http fetch GET 200 https://registry.npmjs.org/zone.js 859ms (cache revalidated)
45 timing idealTree Completed in 14340ms
46 timing command:install Completed in 14362ms
47 verbose stack Error: unable to resolve dependency tree
47 verbose stack     at Arborist.[failPeerConflict] (d:\Users\marco\AppData\Roaming\nvm\v16.13.0\node_modules\npm\node_modules\@npmcli\arborist\lib\arborist\build-ideal-tree.js:1356:25)
47 verbose stack     at Arborist.[loadPeerSet] (d:\Users\marco\AppData\Roaming\nvm\v16.13.0\node_modules\npm\node_modules\@npmcli\arborist\lib\arborist\build-ideal-tree.js:1322:34)
47 verbose stack     at async Arborist.[buildDepStep] (d:\Users\marco\AppData\Roaming\nvm\v16.13.0\node_modules\npm\node_modules\@npmcli\arborist\lib\arborist\build-ideal-tree.js:930:11)
47 verbose stack     at async Arborist.buildIdealTree (d:\Users\marco\AppData\Roaming\nvm\v16.13.0\node_modules\npm\node_modules\@npmcli\arborist\lib\arborist\build-ideal-tree.js:216:7)
47 verbose stack     at async Promise.all (index 1)
47 verbose stack     at async Arborist.reify (d:\Users\marco\AppData\Roaming\nvm\v16.13.0\node_modules\npm\node_modules\@npmcli\arborist\lib\arborist\reify.js:149:5)
47 verbose stack     at async Install.install (d:\Users\marco\AppData\Roaming\nvm\v16.13.0\node_modules\npm\lib\install.js:170:5)
48 verbose cwd D:\Users\marco\Documents\GitHub\justplaybo-website
49 verbose Windows_NT 10.0.18363
50 verbose argv "D:\\Program Files\\nodejs\\node.exe" "D:\\Program Files\\nodejs\\node_modules\\npm\\bin\\npm-cli.js" "i" "ng-google-sheets-db"
51 verbose node v16.13.0
52 verbose npm  v8.1.0
53 error code ERESOLVE
54 error ERESOLVE unable to resolve dependency tree
55 error
56 error While resolving: [1mjustplaybo-website-new[22m@[1m0.0.0[22m
56 error Found: [1m@angular/common[22m@[1m9.0.7[22m[2m[22m
56 error [2mnode_modules/@angular/common[22m
56 error   [1m@angular/common[22m@"[1m~9.0.2[22m" from the root project
56 error
56 error Could not resolve dependency:
56 error [35mpeer[39m [1m@angular/common[22m@"[1m^10.2.5[22m" from [1mng-google-sheets-db[22m@[1m2.0.0[22m[2m[22m
56 error [2mnode_modules/ng-google-sheets-db[22m
56 error   [1mng-google-sheets-db[22m@"[1m*[22m" from the root project
56 error
56 error Fix the upstream dependency conflict, or retry
56 error this command with --force, or --legacy-peer-deps
56 error to accept an incorrect (and potentially broken) dependency resolution.
56 error
56 error See D:\Users\marco\Documents\GitHub\justplaybo-website\eresolve-report.txt for a full report.
57 verbose exit 1
